<?xml version="1.0" encoding="UTF-8"?>
<!-- Generated by org.testng.reporters.JUnitReportReporter -->
<testsuite hostname="DESKTOP-OVKRG4S" failures="0" tests="1" name="automation.TestNGx" time="28.927" errors="0" timestamp="2022-01-17T22:42:09 IST" skipped="0">
  <testcase classname="automation.TestNGx" name="loginfacebook" time="28.927"/>
  <system-out/>
</testsuite> <!-- automation.TestNGx -->
