<?xml version="1.0" encoding="UTF-8"?>
<!-- Generated by org.testng.reporters.JUnitReportReporter -->
<testsuite hostname="DESKTOP-OVKRG4S" failures="0" tests="2" name="automation.testng1" time="0.037" errors="0" timestamp="2022-01-22T00:07:43 IST" skipped="0">
  <testcase classname="automation.testng1" name="testing123" time="0.008"/>
  <system-out/>
  <testcase classname="automation.testng1" name="newtesting" time="0.029"/>
  <system-out/>
</testsuite> <!-- automation.testng1 -->
