<?xml version="1.0" encoding="UTF-8"?>
<!-- Generated by org.testng.reporters.JUnitReportReporter -->
<testsuite hostname="DESKTOP-OVKRG4S" failures="0" tests="1" name="test.Test" time="0.018" errors="0" timestamp="2022-01-22T16:02:27 IST" skipped="0">
  <testcase classname="test.Test" name="check" time="0.018"/>
  <system-out/>
</testsuite> <!-- test.Test -->
